# JRE version: OpenJDK Runtime Environment Temurin-17.0.8.1+1 (17.0.8.1+1) (build 17.0.8.1+1)
# Java VM: OpenJDK 64-Bit Server VM Temurin-17.0.8.1+1 (17.0.8.1+1, mixed mode, tiered, compressed oops, compressed class ptrs, g1 gc, windows-amd64)
GC Precious Log:
 CPUs: 8 total, 8 available
 Memory: 7975M
 Large Page Support: Disabled
 NUMA Support: Disabled
 Compressed Oops: Enabled (32-bit)
 Heap Region Size: 1M
 Heap Min Capacity: 8M
 Heap Initial Capacity: 126M
 Heap Max Capacity: 1994M
 Pre-touch: Disabled
 Parallel Workers: 8
 Concurrent Workers: 2
 Concurrent Refinement Workers: 8
 Periodic GC: Disabled
Heap:
 garbage-first heap   total 92160K, used 47439K [0x0000000083600000, 0x0000000100000000)
  region size 1024K, 4 young (4096K), 4 survivors (4096K)
 Metaspace       used 100749K, committed 101376K, reserved 1179648K
  class space    used 12978K, committed 13248K, reserved 1048576K
GC Heap History (20 events):
Event: 21725.858 GC heap after
{Heap after GC invocations=88 (full 1):
 garbage-first heap   total 92160K, used 40747K [0x0000000083600000, 0x0000000100000000)
  region size 1024K, 4 young (4096K), 4 survivors (4096K)
 Metaspace       used 99762K, committed 100416K, reserved 1179648K
  class space    used 12924K, committed 13248K, reserved 1048576K
}
Event: 21726.331 GC heap before
{Heap before GC invocations=89 (full 1):
 garbage-first heap   total 92160K, used 73515K [0x0000000083600000, 0x0000000100000000)
  region size 1024K, 36 young (36864K), 4 survivors (4096K)
 Metaspace       used 99900K, committed 100544K, reserved 1179648K
  class space    used 12934K, committed 13248K, reserved 1048576K
}
Event: 21726.364 GC heap after
{Heap after GC invocations=90 (full 1):
 garbage-first heap   total 92160K, used 43026K [0x0000000083600000, 0x0000000100000000)
  region size 1024K, 4 young (4096K), 4 survivors (4096K)
 Metaspace       used 99900K, committed 100544K, reserved 1179648K
  class space    used 12934K, committed 13248K, reserved 1048576K
}
Event: 21726.631 GC heap before
{Heap before GC invocations=90 (full 1):
 garbage-first heap   total 92160K, used 56338K [0x0000000083600000, 0x0000000100000000)
  region size 1024K, 18 young (18432K), 4 survivors (4096K)
 Metaspace       used 99916K, committed 100544K, reserved 1179648K
  class space    used 12934K, committed 13248K, reserved 1048576K
}
Event: 21726.639 GC heap after
{Heap after GC invocations=91 (full 1):
 garbage-first heap   total 92160K, used 44416K [0x0000000083600000, 0x0000000100000000)
  region size 1024K, 2 young (2048K), 2 survivors (2048K)
 Metaspace       used 99916K, committed 100544K, reserved 1179648K
  class space    used 12934K, committed 13248K, reserved 1048576K
}
Event: 21727.313 GC heap before
{Heap before GC invocations=92 (full 1):
 garbage-first heap   total 92160K, used 75136K [0x0000000083600000, 0x0000000100000000)
  region size 1024K, 31 young (31744K), 2 survivors (2048K)
 Metaspace       used 100270K, committed 100864K, reserved 1179648K
  class space    used 12948K, committed 13248K, reserved 1048576K
}
Event: 21727.317 GC heap after
{Heap after GC invocations=93 (full 1):
 garbage-first heap   total 92160K, used 45535K [0x0000000083600000, 0x0000000100000000)
  region size 1024K, 3 young (3072K), 3 survivors (3072K)
 Metaspace       used 100270K, committed 100864K, reserved 1179648K
  class space    used 12948K, committed 13248K, reserved 1048576K
}
Event: 21727.589 GC heap before
{Heap before GC invocations=93 (full 1):
 garbage-first heap   total 92160K, used 74207K [0x0000000083600000, 0x0000000100000000)
  region size 1024K, 31 young (31744K), 3 survivors (3072K)
 Metaspace       used 100380K, committed 100992K, reserved 1179648K
  class space    used 12955K, committed 13248K, reserved 1048576K
}
Event: 21727.598 GC heap after
{Heap after GC invocations=94 (full 1):
 garbage-first heap   total 92160K, used 47960K [0x0000000083600000, 0x0000000100000000)
  region size 1024K, 3 young (3072K), 3 survivors (3072K)
 Metaspace       used 100380K, committed 100992K, reserved 1179648K
  class space    used 12955K, committed 13248K, reserved 1048576K
}
Event: 21727.981 GC heap before
{Heap before GC invocations=95 (full 1):
 garbage-first heap   total 92160K, used 74584K [0x0000000083600000, 0x0000000100000000)
  region size 1024K, 29 young (29696K), 3 survivors (3072K)
 Metaspace       used 100399K, committed 100992K, reserved 1179648K
  class space    used 12956K, committed 13248K, reserved 1048576K
}
Event: 21727.990 GC heap after
{Heap after GC invocations=96 (full 1):
 garbage-first heap   total 92160K, used 50201K [0x0000000083600000, 0x0000000100000000)
  region size 1024K, 3 young (3072K), 3 survivors (3072K)
 Metaspace       used 100399K, committed 100992K, reserved 1179648K
  class space    used 12956K, committed 13248K, reserved 1048576K
}
Event: 21728.384 GC heap before
{Heap before GC invocations=96 (full 1):
 garbage-first heap   total 92160K, used 74777K [0x0000000083600000, 0x0000000100000000)
  region size 1024K, 27 young (27648K), 3 survivors (3072K)
 Metaspace       used 100591K, committed 101184K, reserved 1179648K
  class space    used 12975K, committed 13248K, reserved 1048576K
}
Event: 21728.390 GC heap after
{Heap after GC invocations=97 (full 1):
 garbage-first heap   total 92160K, used 52968K [0x0000000083600000, 0x0000000100000000)
  region size 1024K, 4 young (4096K), 4 survivors (4096K)
 Metaspace       used 100591K, committed 101184K, reserved 1179648K
  class space    used 12975K, committed 13248K, reserved 1048576K
}
Event: 21732.587 GC heap before
{Heap before GC invocations=98 (full 1):
 garbage-first heap   total 92160K, used 57064K [0x0000000083600000, 0x0000000100000000)
  region size 1024K, 9 young (9216K), 4 survivors (4096K)
 Metaspace       used 100638K, committed 101248K, reserved 1179648K
  class space    used 12980K, committed 13248K, reserved 1048576K
}
Event: 21732.660 GC heap after
{Heap after GC invocations=99 (full 2):
 garbage-first heap   total 92160K, used 41250K [0x0000000083600000, 0x0000000100000000)
  region size 1024K, 0 young (0K), 0 survivors (0K)
 Metaspace       used 100580K, committed 101248K, reserved 1179648K
  class space    used 12965K, committed 13248K, reserved 1048576K
}
Event: 21732.906 GC heap before
{Heap before GC invocations=99 (full 2):
 garbage-first heap   total 92160K, used 71970K [0x0000000083600000, 0x0000000100000000)
  region size 1024K, 30 young (30720K), 0 survivors (0K)
 Metaspace       used 100649K, committed 101248K, reserved 1179648K
  class space    used 12972K, committed 13248K, reserved 1048576K
}
Event: 21732.908 GC heap after
{Heap after GC invocations=100 (full 2):
 garbage-first heap   total 92160K, used 44787K [0x0000000083600000, 0x0000000100000000)
  region size 1024K, 4 young (4096K), 4 survivors (4096K)
 Metaspace       used 100649K, committed 101248K, reserved 1179648K
  class space    used 12972K, committed 13248K, reserved 1048576K
}
Event: 21733.175 GC heap before
{Heap before GC invocations=101 (full 2):
 garbage-first heap   total 92160K, used 71411K [0x0000000083600000, 0x0000000100000000)
  region size 1024K, 30 young (30720K), 4 survivors (4096K)
 Metaspace       used 100688K, committed 101248K, reserved 1179648K
  class space    used 12974K, committed 13248K, reserved 1048576K
}
Event: 21733.179 GC heap after
{Heap after GC invocations=102 (full 2):
 garbage-first heap   total 92160K, used 45702K [0x0000000083600000, 0x0000000100000000)
  region size 1024K, 2 young (2048K), 2 survivors (2048K)
 Metaspace       used 100688K, committed 101248K, reserved 1179648K
  class space    used 12974K, committed 13248K, reserved 1048576K
}
Event: 21733.318 GC heap before
{Heap before GC invocations=102 (full 2):
 garbage-first heap   total 92160K, used 70278K [0x0000000083600000, 0x0000000100000000)
  region size 1024K, 27 young (27648K), 2 survivors (2048K)
 Metaspace       used 100749K, committed 101376K, reserved 1179648K
  class space    used 12978K, committed 13248K, reserved 1048576K
}

